<?xml version="1.0" encoding="UTF-8"?>
<Site BuildName="Linux-g++"
	BuildStamp="20240114-1122-Experimental"
	Name="afra-laptop-ubuntu"
	Generator="ctest-3.27.4"
	CompilerName="/usr/bin/g++"
	CompilerVersion=""
	OSName="Linux"
	Hostname="afra-laptop-ubuntu"
	OSRelease="6.5.0-14-generic"
	OSVersion="#14-Ubuntu SMP PREEMPT_DYNAMIC Tue Nov 14 14:59:49 UTC 2023"
	OSPlatform="x86_64"
	Is64Bits="1"
	VendorString="GenuineIntel"
	VendorID="Intel Corporation"
	FamilyID="6"
	ModelID="158"
	ProcessorCacheSize="9216"
	NumberOfLogicalCPU="12"
	NumberOfPhysicalCPU="6"
	TotalVirtualMemory="8191"
	TotalPhysicalMemory="23870"
	LogicalProcessorsPerPhysical="2"
	ProcessorClockFrequency="3088.32"
	>
	<Testing>
		<StartDateTime>Jan 14 14:03 EET</StartDateTime>
		<StartTestTime>1705233820</StartTestTime>
		<TestList/>
		<EndDateTime>Jan 14 14:03 EET</EndDateTime>
		<EndTestTime>1705233820</EndTestTime>
		<ElapsedMinutes>0</ElapsedMinutes>
	</Testing>
</Site>
