<?xml version="1.0" encoding="UTF-8"?>
<Site BuildName="Linux-g++"
	BuildStamp="20240113-0857-Experimental"
	Name="afra-laptop"
	Generator="ctest-3.22.1"
	CompilerName="/usr/bin/g++"
	CompilerVersion=""
	OSName="Linux"
	Hostname="afra-laptop"
	OSRelease="6.5.0-14-generic"
	OSVersion="#14~22.04.1-Ubuntu SMP PREEMPT_DYNAMIC Mon Nov 20 18:15:30 UTC 2"
	OSPlatform="x86_64"
	Is64Bits="1"
	VendorString="GenuineIntel"
	VendorID="Intel Corporation"
	FamilyID="6"
	ModelID="158"
	ProcessorCacheSize="9216"
	NumberOfLogicalCPU="12"
	NumberOfPhysicalCPU="6"
	TotalVirtualMemory="13983"
	TotalPhysicalMemory="23870"
	LogicalProcessorsPerPhysical="2"
	ProcessorClockFrequency="3683.75"
	>
	<Testing>
		<StartDateTime>Jan 13 10:57 EET</StartDateTime>
		<StartTestTime>1705136229</StartTestTime>
		<TestList/>
		<EndDateTime>Jan 13 10:57 EET</EndDateTime>
		<EndTestTime>1705136229</EndTestTime>
		<ElapsedMinutes>0</ElapsedMinutes>
	</Testing>
</Site>
