<?xml version="1.0" encoding="UTF-8"?>
<Site BuildName="Linux-g++"
	BuildStamp="20240129-1024-Experimental"
	Name="afra-laptop-ubuntu"
	Generator="ctest-3.27.4"
	CompilerName="/usr/bin/g++"
	CompilerVersion=""
	OSName="Linux"
	Hostname="afra-laptop-ubuntu"
	OSRelease="6.5.0-15-generic"
	OSVersion="#15-Ubuntu SMP PREEMPT_DYNAMIC Tue Jan  9 17:03:36 UTC 2024"
	OSPlatform="x86_64"
	Is64Bits="1"
	VendorString="GenuineIntel"
	VendorID="Intel Corporation"
	FamilyID="6"
	ModelID="158"
	ProcessorCacheSize="9216"
	NumberOfLogicalCPU="12"
	NumberOfPhysicalCPU="6"
	TotalVirtualMemory="8191"
	TotalPhysicalMemory="23870"
	LogicalProcessorsPerPhysical="2"
	ProcessorClockFrequency="3895.98"
	>
	<Testing>
		<StartDateTime>Jan 29 13:13 EET</StartDateTime>
		<StartTestTime>1706526827</StartTestTime>
		<TestList>
			<Test>./cmd_args_test</Test>
		</TestList>
		<Test Status="passed">
			<Name>cmd_args_test</Name>
			<Path>.</Path>
			<FullName>./cmd_args_test</FullName>
			<FullCommandLine>/home/afra/dev/c/cmd_args/build/cmd_args "12" "24" "+"</FullCommandLine>
			<Results>
				<NamedMeasurement type="numeric/double" name="Execution Time">
					<Value>0.0013942</Value>
				</NamedMeasurement>
				<NamedMeasurement type="numeric/double" name="Processors">
					<Value>1</Value>
				</NamedMeasurement>
				<NamedMeasurement type="text/string" name="Completion Status">
					<Value>Completed</Value>
				</NamedMeasurement>
				<NamedMeasurement type="text/string" name="Command Line">
					<Value>/home/afra/dev/c/cmd_args/build/cmd_args "12" "24" "+"</Value>
				</NamedMeasurement>
				<NamedMeasurement type="text/string" name="Environment">
					<Value>#CTEST_RESOURCE_GROUP_COUNT=</Value>
				</NamedMeasurement>
				<Measurement>
					<Value>4 12
</Value>
				</Measurement>
			</Results>
		</Test>
		<EndDateTime>Jan 29 13:13 EET</EndDateTime>
		<EndTestTime>1706526827</EndTestTime>
		<ElapsedMinutes>0</ElapsedMinutes>
	</Testing>
</Site>
